<?xml version="1.0" encoding="UTF-8"?>
<!-- Generated by org.testng.reporters.JUnitReportReporter -->
<testsuite skipped="0" hostname="L00092560" name="com.elabelz.qa.testcases.HomePageTest" tests="2" failures="0" timestamp="08 Oct 2019 11:25:43 GMT" time="35.808" errors="0">
  <testcase name="verifyHomePageTitleTest" time="0.018" classname="com.elabelz.qa.testcases.HomePageTest"/>
  <testcase name="addProductToCart" time="35.790" classname="com.elabelz.qa.testcases.HomePageTest"/>
</testsuite> <!-- com.elabelz.qa.testcases.HomePageTest -->
