<?xml version="1.0" encoding="UTF-8"?>
<!-- Generated by org.testng.reporters.JUnitReportReporter -->
<testsuite skipped="0" hostname="L00092560" name="com.elabelz.qa.testcases.LoginPageTest" tests="1" failures="0" timestamp="08 Oct 2019 11:25:43 GMT" time="17.930" errors="0">
  <testcase name="loginTest" time="17.930" classname="com.elabelz.qa.testcases.LoginPageTest"/>
</testsuite> <!-- com.elabelz.qa.testcases.LoginPageTest -->
